<?xml version="1.0" encoding="UTF-8"?>
<!-- Generated by org.testng.reporters.JUnitReportReporter -->
<testsuite hostname="DESKTOP-SS5TGEM" failures="0" tests="4" name="com.bridgelabz.test.InstagramTest" time="63.480" errors="0" timestamp="2023-03-07T18:07:49 IST" skipped="0">
  <testcase classname="com.bridgelabz.test.InstagramTest" name="redirectOnSignup" time="16.319"/>
  <system-out/>
  <testcase classname="com.bridgelabz.test.InstagramTest" name="insertTheDataIntoTheRegistrationField" time="12.817"/>
  <system-out/>
  <testcase classname="com.bridgelabz.test.InstagramTest" name="loginToInsta" time="15.796"/>
  <system-out/>
  <testcase classname="com.bridgelabz.test.InstagramTest" name="loginToInsta" time="18.548"/>
  <system-out/>
</testsuite> <!-- com.bridgelabz.test.InstagramTest -->
